<?xml version="1.0" encoding="UTF-8"?>
<!-- Generated by org.testng.reporters.JUnitReportReporter -->
<testsuite hostname="DESKTOP-KKTHI4F" failures="0" tests="1" name="testcases.BaseClass" time="26.337" errors="0" timestamp="2024-05-12T20:51:47 PKT" skipped="0">
  <testcase classname="testcases.BaseClass" name="sampleTest" time="26.337"/>
  <system-out/>
</testsuite> <!-- testcases.BaseClass -->
